::1 - - [30/Jul/2025 06:51:35] "GET / HTTP/1.1" 200 -
::1 - - [30/Jul/2025 06:53:35] "GET / HTTP/1.1" 200 -
::1 - - [30/Jul/2025 06:53:35] "GET /css/main.css HTTP/1.1" 200 -
::1 - - [30/Jul/2025 06:53:35] "GET /css/accessibility.css HTTP/1.1" 200 -
::1 - - [30/Jul/2025 06:53:35] "GET /css/components/modals.css HTTP/1.1" 304 -
::1 - - [30/Jul/2025 06:53:35] "GET /js/main.js HTTP/1.1" 200 -
::1 - - [30/Jul/2025 06:53:35] "GET /css/components/deck-builder.css HTTP/1.1" 200 -
::1 - - [30/Jul/2025 06:53:35] "GET /js/utils/Security.js HTTP/1.1" 200 -
::1 - - [30/Jul/2025 06:53:35] "GET /js/utils/AccessibilitySettings.js HTTP/1.1" 200 -
::1 - - [30/Jul/2025 06:53:35] "GET /js/core/DeckManager.js HTTP/1.1" 200 -
::1 - - [30/Jul/2025 06:53:35] "GET /js/core/CardDatabase.js HTTP/1.1" 304 -
::1 - - [30/Jul/2025 06:53:35] "GET /js/components/GameBoard.js HTTP/1.1" 200 -
::1 - - [30/Jul/2025 06:53:35] "GET /js/core/GameEngine.js HTTP/1.1" 304 -
::1 - - [30/Jul/2025 06:53:35] "GET /js/utils/Logger.js HTTP/1.1" 304 -
::1 - - [30/Jul/2025 06:53:35] "GET /js/utils/LocalStorage.js HTTP/1.1" 304 -
::1 - - [30/Jul/2025 06:53:35] "GET /js/utils/Notifications.js HTTP/1.1" 200 -
::1 - - [30/Jul/2025 06:53:35] "GET /js/data/ExtendedCardDatabase.js HTTP/1.1" 200 -
::1 - - [30/Jul/2025 06:53:35] "GET /js/utils/Validation.js HTTP/1.1" 304 -
::1 - - [30/Jul/2025 06:53:35] "GET /js/core/PlayerManager.js HTTP/1.1" 304 -
::1 - - [30/Jul/2025 06:53:35] "GET /js/components/Modal.js HTTP/1.1" 304 -
::1 - - [30/Jul/2025 06:53:35] "GET /js/components/DeckBuilder.js HTTP/1.1" 200 -
::1 - - [30/Jul/2025 06:53:35] "GET /js/data/Opus1CardMapping.js HTTP/1.1" 200 -
::1 - - [30/Jul/2025 06:53:35] code 404, message File not found
::1 - - [30/Jul/2025 06:53:35] "GET /favicon.ico HTTP/1.1" 404 -
::1 - - [30/Jul/2025 06:55:05] "GET /test-accessibility.html HTTP/1.1" 200 -
::1 - - [30/Jul/2025 06:55:05] "GET /css/accessibility.css HTTP/1.1" 304 -
::1 - - [30/Jul/2025 06:55:05] "GET /js/utils/AccessibilitySettings.js HTTP/1.1" 304 -
::1 - - [30/Jul/2025 06:55:05] "GET /js/utils/Notifications.js HTTP/1.1" 304 -
